0 info it worked if it ends with ok
1 verbose cli [ 'E:\\nodejs\\node.exe',
1 verbose cli   'C:\\Users\\Administrator\\AppData\\Roaming\\npm\\node_modules\\npm\\bin\\npm-cli.js',
1 verbose cli   'start' ]
2 info using npm@4.0.2
3 info using node@v9.3.0
4 verbose run-script [ 'prestart', 'start', 'poststart' ]
5 info lifecycle blog@1.0.0~prestart: blog@1.0.0
6 silly lifecycle blog@1.0.0~prestart: no script for prestart, continuing
7 info lifecycle blog@1.0.0~start: blog@1.0.0
8 verbose lifecycle blog@1.0.0~start: unsafe-perm in lifecycle true
9 verbose lifecycle blog@1.0.0~start: PATH: C:\Users\Administrator\AppData\Roaming\npm\node_modules\npm\bin\node-gyp-bin;D:\桌面\learn\react-learn\blog\node_modules\.bin;C:\Ruby23-x64\bin;D:\adb;E:\python\;E:\python\Scripts;C:\Windows\system32;C:\Windows;C:\Windows\System32\Wbem;C:\Windows\System32\WindowsPowerShell\v1.0\;C:\Program Files\TortoiseSVN\bin;C:\Program Files (x86)\GtkSharp\2.12\bin;E:\git\Git\cmd;C:\ProgramData\chocolatey\bin;E:\nodejs\;C:\Program Files (x86)\Yarn\bin;E:\Egret Wing 3\bin;C:\Users\Administrator\AppData\Roaming\npm;C:\Users\Administrator\AppData\Local\Yarn\bin;E:\Microsoft VS Code\bin;C:\Users\Administrator\AppData\Local\Programs\Fiddler
10 verbose lifecycle blog@1.0.0~start: CWD: D:\桌面\learn\react-learn\blog
11 silly lifecycle blog@1.0.0~start: Args: [ '/d /s /c',
11 silly lifecycle   'concurrently --kill-others "npm run dev" "npm run mock"' ]
12 silly lifecycle blog@1.0.0~start: Returned: code: 3221225786  signal: null
13 info lifecycle blog@1.0.0~start: Failed to exec start script
14 verbose stack Error: blog@1.0.0 start: `concurrently --kill-others "npm run dev" "npm run mock"`
14 verbose stack Exit status 3221225786
14 verbose stack     at EventEmitter.<anonymous> (C:\Users\Administrator\AppData\Roaming\npm\node_modules\npm\lib\utils\lifecycle.js:279:16)
14 verbose stack     at EventEmitter.emit (events.js:159:13)
14 verbose stack     at ChildProcess.<anonymous> (C:\Users\Administrator\AppData\Roaming\npm\node_modules\npm\lib\utils\spawn.js:40:14)
14 verbose stack     at ChildProcess.emit (events.js:159:13)
14 verbose stack     at maybeClose (internal/child_process.js:943:16)
14 verbose stack     at Process.ChildProcess._handle.onexit (internal/child_process.js:220:5)
15 verbose pkgid blog@1.0.0
16 verbose cwd D:\桌面\learn\react-learn\blog
17 error Windows_NT 6.1.7601
18 error argv "E:\\nodejs\\node.exe" "C:\\Users\\Administrator\\AppData\\Roaming\\npm\\node_modules\\npm\\bin\\npm-cli.js" "start"
19 error node v9.3.0
20 error npm  v4.0.2
21 error code ELIFECYCLE
22 error blog@1.0.0 start: `concurrently --kill-others "npm run dev" "npm run mock"`
22 error Exit status 3221225786
23 error Failed at the blog@1.0.0 start script 'concurrently --kill-others "npm run dev" "npm run mock"'.
23 error Make sure you have the latest version of node.js and npm installed.
23 error If you do, this is most likely a problem with the blog package,
23 error not with npm itself.
23 error Tell the author that this fails on your system:
23 error     concurrently --kill-others "npm run dev" "npm run mock"
23 error You can get information on how to open an issue for this project with:
23 error     npm bugs blog
23 error Or if that isn't available, you can get their info via:
23 error     npm owner ls blog
23 error There is likely additional logging output above.
24 verbose exit [ 1, true ]
